=== The Stack Python 데이터셋 다운로드 시작: Thu Jul 17 09:11:23 UTC 2025 ===
- 데이터 저장 경로: /workspace/FTEngineer/Engineer_FT-3/stack-code-model/data/raw/python
- 설정 파일: /workspace/FTEngineer/Engineer_FT-3/stack-code-model/config/download_config.json
- 사용 가능한 디스크 공간: 3.4T
- 설정 파일 로드 중...
  jq 명령어를 찾을 수 없어 기본 설정을 사용합니다.
=== Python 데이터셋 다운로드 시작 (파일 수: 100000) ===
[2025-07-17 09:11:24,973] INFO [__main__.download_language_dataset:20] Downloading python dataset to /workspace/FTEngineer/Engineer_FT-3/stack-code-model/data/raw/python
[2025-07-17 09:11:47,002] INFO [__main__.download_language_dataset:44] Downloaded 1000 python files
[2025-07-17 09:11:48,701] INFO [__main__.download_language_dataset:44] Downloaded 2000 python files
[2025-07-17 09:11:50,377] INFO [__main__.download_language_dataset:44] Downloaded 3000 python files
[2025-07-17 09:11:52,077] INFO [__main__.download_language_dataset:44] Downloaded 4000 python files
[2025-07-17 09:11:53,781] INFO [__main__.download_language_dataset:44] Downloaded 5000 python files
[2025-07-17 09:11:55,461] INFO [__main__.download_language_dataset:44] Downloaded 6000 python files
[2025-07-17 09:11:57,140] INFO [__main__.download_language_dataset:44] Downloaded 7000 python files
[2025-07-17 09:11:58,854] INFO [__main__.download_language_dataset:44] Downloaded 8000 python files
[2025-07-17 09:12:00,559] INFO [__main__.download_language_dataset:44] Downloaded 9000 python files
[2025-07-17 09:12:02,264] INFO [__main__.download_language_dataset:44] Downloaded 10000 python files
[2025-07-17 09:12:03,967] INFO [__main__.download_language_dataset:44] Downloaded 11000 python files
[2025-07-17 09:12:05,661] INFO [__main__.download_language_dataset:44] Downloaded 12000 python files
[2025-07-17 09:12:07,414] INFO [__main__.download_language_dataset:44] Downloaded 13000 python files
[2025-07-17 09:12:09,146] INFO [__main__.download_language_dataset:44] Downloaded 14000 python files
[2025-07-17 09:12:10,874] INFO [__main__.download_language_dataset:44] Downloaded 15000 python files
[2025-07-17 09:12:12,579] INFO [__main__.download_language_dataset:44] Downloaded 16000 python files
[2025-07-17 09:12:14,300] INFO [__main__.download_language_dataset:44] Downloaded 17000 python files
[2025-07-17 09:12:16,018] INFO [__main__.download_language_dataset:44] Downloaded 18000 python files
[2025-07-17 09:12:17,708] INFO [__main__.download_language_dataset:44] Downloaded 19000 python files
[2025-07-17 09:12:19,410] INFO [__main__.download_language_dataset:44] Downloaded 20000 python files
[2025-07-17 09:12:21,130] INFO [__main__.download_language_dataset:44] Downloaded 21000 python files
[2025-07-17 09:12:22,832] INFO [__main__.download_language_dataset:44] Downloaded 22000 python files
[2025-07-17 09:12:24,537] INFO [__main__.download_language_dataset:44] Downloaded 23000 python files
[2025-07-17 09:12:28,522] INFO [__main__.download_language_dataset:44] Downloaded 24000 python files
[2025-07-17 09:12:30,720] INFO [__main__.download_language_dataset:44] Downloaded 25000 python files
[2025-07-17 09:12:32,762] INFO [__main__.download_language_dataset:44] Downloaded 26000 python files
[2025-07-17 09:12:34,861] INFO [__main__.download_language_dataset:44] Downloaded 27000 python files
[2025-07-17 09:12:36,969] INFO [__main__.download_language_dataset:44] Downloaded 28000 python files
[2025-07-17 09:12:38,909] INFO [__main__.download_language_dataset:44] Downloaded 29000 python files
[2025-07-17 09:12:40,639] INFO [__main__.download_language_dataset:44] Downloaded 30000 python files
[2025-07-17 09:12:42,363] INFO [__main__.download_language_dataset:44] Downloaded 31000 python files
[2025-07-17 09:12:44,060] INFO [__main__.download_language_dataset:44] Downloaded 32000 python files
[2025-07-17 09:12:45,799] INFO [__main__.download_language_dataset:44] Downloaded 33000 python files
[2025-07-17 09:12:47,518] INFO [__main__.download_language_dataset:44] Downloaded 34000 python files
[2025-07-17 09:12:49,222] INFO [__main__.download_language_dataset:44] Downloaded 35000 python files
[2025-07-17 09:12:50,958] INFO [__main__.download_language_dataset:44] Downloaded 36000 python files
[2025-07-17 09:12:52,616] INFO [__main__.download_language_dataset:44] Downloaded 37000 python files
[2025-07-17 09:12:54,281] INFO [__main__.download_language_dataset:44] Downloaded 38000 python files
[2025-07-17 09:12:55,954] INFO [__main__.download_language_dataset:44] Downloaded 39000 python files
[2025-07-17 09:12:57,604] INFO [__main__.download_language_dataset:44] Downloaded 40000 python files
[2025-07-17 09:12:59,260] INFO [__main__.download_language_dataset:44] Downloaded 41000 python files
[2025-07-17 09:13:00,938] INFO [__main__.download_language_dataset:44] Downloaded 42000 python files
[2025-07-17 09:13:02,589] INFO [__main__.download_language_dataset:44] Downloaded 43000 python files
[2025-07-17 09:13:04,252] INFO [__main__.download_language_dataset:44] Downloaded 44000 python files
[2025-07-17 09:13:05,952] INFO [__main__.download_language_dataset:44] Downloaded 45000 python files
[2025-07-17 09:13:07,685] INFO [__main__.download_language_dataset:44] Downloaded 46000 python files
[2025-07-17 09:13:09,415] INFO [__main__.download_language_dataset:44] Downloaded 47000 python files
[2025-07-17 09:13:11,102] INFO [__main__.download_language_dataset:44] Downloaded 48000 python files
[2025-07-17 09:13:12,755] INFO [__main__.download_language_dataset:44] Downloaded 49000 python files
[2025-07-17 09:13:14,416] INFO [__main__.download_language_dataset:44] Downloaded 50000 python files
[2025-07-17 09:13:16,079] INFO [__main__.download_language_dataset:44] Downloaded 51000 python files
[2025-07-17 09:13:17,747] INFO [__main__.download_language_dataset:44] Downloaded 52000 python files
[2025-07-17 09:13:19,430] INFO [__main__.download_language_dataset:44] Downloaded 53000 python files
[2025-07-17 09:13:21,116] INFO [__main__.download_language_dataset:44] Downloaded 54000 python files
[2025-07-17 09:13:22,797] INFO [__main__.download_language_dataset:44] Downloaded 55000 python files
[2025-07-17 09:13:24,452] INFO [__main__.download_language_dataset:44] Downloaded 56000 python files
[2025-07-17 09:13:26,118] INFO [__main__.download_language_dataset:44] Downloaded 57000 python files
[2025-07-17 09:13:27,793] INFO [__main__.download_language_dataset:44] Downloaded 58000 python files
[2025-07-17 09:13:29,466] INFO [__main__.download_language_dataset:44] Downloaded 59000 python files
[2025-07-17 09:13:31,125] INFO [__main__.download_language_dataset:44] Downloaded 60000 python files
[2025-07-17 09:13:32,794] INFO [__main__.download_language_dataset:44] Downloaded 61000 python files
[2025-07-17 09:13:34,452] INFO [__main__.download_language_dataset:44] Downloaded 62000 python files
[2025-07-17 09:13:36,181] INFO [__main__.download_language_dataset:44] Downloaded 63000 python files
[2025-07-17 09:13:37,842] INFO [__main__.download_language_dataset:44] Downloaded 64000 python files
[2025-07-17 09:13:39,509] INFO [__main__.download_language_dataset:44] Downloaded 65000 python files
[2025-07-17 09:13:41,209] INFO [__main__.download_language_dataset:44] Downloaded 66000 python files
[2025-07-17 09:13:42,897] INFO [__main__.download_language_dataset:44] Downloaded 67000 python files
[2025-07-17 09:13:44,588] INFO [__main__.download_language_dataset:44] Downloaded 68000 python files
[2025-07-17 09:13:46,310] INFO [__main__.download_language_dataset:44] Downloaded 69000 python files
[2025-07-17 09:13:48,016] INFO [__main__.download_language_dataset:44] Downloaded 70000 python files
[2025-07-17 09:13:49,705] INFO [__main__.download_language_dataset:44] Downloaded 71000 python files
[2025-07-17 09:13:51,443] INFO [__main__.download_language_dataset:44] Downloaded 72000 python files
[2025-07-17 09:13:53,136] INFO [__main__.download_language_dataset:44] Downloaded 73000 python files
[2025-07-17 09:13:54,838] INFO [__main__.download_language_dataset:44] Downloaded 74000 python files
[2025-07-17 09:13:56,540] INFO [__main__.download_language_dataset:44] Downloaded 75000 python files
[2025-07-17 09:13:58,225] INFO [__main__.download_language_dataset:44] Downloaded 76000 python files
[2025-07-17 09:13:59,884] INFO [__main__.download_language_dataset:44] Downloaded 77000 python files
[2025-07-17 09:14:01,575] INFO [__main__.download_language_dataset:44] Downloaded 78000 python files
[2025-07-17 09:14:03,286] INFO [__main__.download_language_dataset:44] Downloaded 79000 python files
[2025-07-17 09:14:04,971] INFO [__main__.download_language_dataset:44] Downloaded 80000 python files
[2025-07-17 09:14:06,678] INFO [__main__.download_language_dataset:44] Downloaded 81000 python files
[2025-07-17 09:14:08,453] INFO [__main__.download_language_dataset:44] Downloaded 82000 python files
[2025-07-17 09:14:10,120] INFO [__main__.download_language_dataset:44] Downloaded 83000 python files
[2025-07-17 09:14:11,805] INFO [__main__.download_language_dataset:44] Downloaded 84000 python files
[2025-07-17 09:14:13,499] INFO [__main__.download_language_dataset:44] Downloaded 85000 python files
[2025-07-17 09:14:15,184] INFO [__main__.download_language_dataset:44] Downloaded 86000 python files
[2025-07-17 09:14:16,875] INFO [__main__.download_language_dataset:44] Downloaded 87000 python files
[2025-07-17 09:14:18,545] INFO [__main__.download_language_dataset:44] Downloaded 88000 python files
[2025-07-17 09:14:20,230] INFO [__main__.download_language_dataset:44] Downloaded 89000 python files
[2025-07-17 09:14:21,897] INFO [__main__.download_language_dataset:44] Downloaded 90000 python files
[2025-07-17 09:14:23,571] INFO [__main__.download_language_dataset:44] Downloaded 91000 python files
[2025-07-17 09:14:25,234] INFO [__main__.download_language_dataset:44] Downloaded 92000 python files
[2025-07-17 09:14:26,904] INFO [__main__.download_language_dataset:44] Downloaded 93000 python files
[2025-07-17 09:14:28,581] INFO [__main__.download_language_dataset:44] Downloaded 94000 python files
[2025-07-17 09:14:30,295] INFO [__main__.download_language_dataset:44] Downloaded 95000 python files
[2025-07-17 09:14:31,990] INFO [__main__.download_language_dataset:44] Downloaded 96000 python files
[2025-07-17 09:14:33,723] INFO [__main__.download_language_dataset:44] Downloaded 97000 python files
[2025-07-17 09:14:35,386] INFO [__main__.download_language_dataset:44] Downloaded 98000 python files
[2025-07-17 09:14:37,044] INFO [__main__.download_language_dataset:44] Downloaded 99000 python files
[2025-07-17 09:14:38,710] INFO [__main__.download_language_dataset:44] Downloaded 100000 python files
[2025-07-17 09:14:38,732] INFO [__main__.download_language_dataset:55] Download completed for python
=== Python 데이터셋 다운로드 완료: Thu Jul 17 09:14:39 UTC 2025 ===
- 다운로드 크기: 835M (파일 100개)
- 남은 디스크 공간: 3.4T
