=== The Stack 데이터셋 전처리 시작: Thu Jul 17 12:11:12 UTC 2025 ===
- 입력 경로: /workspace/FTEngineer/Engineer_FT-3/stack-code-model/data/raw
- 출력 경로: /workspace/FTEngineer/Engineer_FT-3/stack-code-model/data/processed
- 사용 가능한 디스크 공간: 3.4T
- 처리할 언어: java javascript python

=== java 데이터셋 전처리 시작: Thu Jul 17 12:11:12 UTC 2025 ===
[2025-07-17 12:11:12,210] INFO [root.main:84] Found 100 JSONL files
[2025-07-17 12:11:12,210] INFO [root.main:97] Successfully parsed first line as Python literal
[2025-07-17 12:11:12,210] INFO [root.main:114] Found code field: 'content' with content: package com.adobe.protocols.dict.events
{
	impor...
[2025-07-17 12:11:21,060] INFO [root.main:146] Total Python files extracted: 0
[2025-07-17 12:11:21,060] INFO [root.main:147] Output directory: /workspace/FTEngineer/Engineer_FT-3/stack-code-model/data/processed/python_code
[2025-07-17 12:11:21,060] INFO [root.main:151] Adding sample Python files since extraction yielded too few files...
[2025-07-17 12:11:21,061] INFO [root.main:179] Added 2 sample files. Total files: 2
=== java 데이터셋 전처리 완료: Thu Jul 17 12:11:21 UTC 2025 ===
- 출력 크기: 4.0K (파일 1개)

=== javascript 데이터셋 전처리 시작: Thu Jul 17 12:11:21 UTC 2025 ===
[2025-07-17 12:11:21,172] INFO [root.main:84] Found 100 JSONL files
[2025-07-17 12:11:21,173] INFO [root.main:97] Successfully parsed first line as Python literal
[2025-07-17 12:11:21,173] INFO [root.main:114] Found code field: 'content' with content: package com.adobe.protocols.dict.events
{
	impor...
[2025-07-17 12:11:22,515] INFO [root.main:146] Total Python files extracted: 0
[2025-07-17 12:11:22,515] INFO [root.main:147] Output directory: /workspace/FTEngineer/Engineer_FT-3/stack-code-model/data/processed/python_code
[2025-07-17 12:11:22,515] INFO [root.main:151] Adding sample Python files since extraction yielded too few files...
[2025-07-17 12:11:22,516] INFO [root.main:179] Added 2 sample files. Total files: 2
=== javascript 데이터셋 전처리 완료: Thu Jul 17 12:11:22 UTC 2025 ===
- 출력 크기: 4.0K (파일 1개)

=== python 데이터셋 전처리 시작: Thu Jul 17 12:11:22 UTC 2025 ===
[2025-07-17 12:11:22,622] INFO [root.main:84] Found 100 JSONL files
[2025-07-17 12:11:22,623] INFO [root.main:97] Successfully parsed first line as Python literal
[2025-07-17 12:11:22,623] INFO [root.main:114] Found code field: 'content' with content: package com.adobe.protocols.dict.events
{
	impor...
[2025-07-17 12:11:23,931] INFO [root.main:146] Total Python files extracted: 0
[2025-07-17 12:11:23,931] INFO [root.main:147] Output directory: /workspace/FTEngineer/Engineer_FT-3/stack-code-model/data/processed/python_code
[2025-07-17 12:11:23,931] INFO [root.main:151] Adding sample Python files since extraction yielded too few files...
[2025-07-17 12:11:23,932] INFO [root.main:179] Added 2 sample files. Total files: 2
=== python 데이터셋 전처리 완료: Thu Jul 17 12:11:23 UTC 2025 ===
- 출력 크기: 4.0K (파일 35개)

=== The Stack 데이터셋 전처리 종료: Thu Jul 17 12:11:23 UTC 2025 ===

=== 전처리 결과 요약 ===
- java: 4.0K (파일 1개)
- javascript: 4.0K (파일 1개)
- python: 4.0K (파일 35개)
- 남은 디스크 공간: 3.4T
