=== The Stack 데이터셋 전처리 시작: Thu Jul 17 09:24:41 UTC 2025 ===
- 입력 경로: /workspace/FTEngineer/Engineer_FT-3/stack-code-model/data/raw
- 출력 경로: /workspace/FTEngineer/Engineer_FT-3/stack-code-model/data/processed
- 사용 가능한 디스크 공간: 3.4T
- 처리할 언어: java javascript python

=== java 데이터셋 전처리 시작: Thu Jul 17 09:24:41 UTC 2025 ===
=== java 데이터셋 전처리 완료: Thu Jul 17 09:24:42 UTC 2025 ===
- 출력 크기: 4.0K (파일 0개)

=== javascript 데이터셋 전처리 시작: Thu Jul 17 09:24:42 UTC 2025 ===
=== javascript 데이터셋 전처리 완료: Thu Jul 17 09:24:42 UTC 2025 ===
- 출력 크기: 4.0K (파일 0개)

=== python 데이터셋 전처리 시작: Thu Jul 17 09:24:42 UTC 2025 ===
=== python 데이터셋 전처리 완료: Thu Jul 17 09:24:42 UTC 2025 ===
- 출력 크기: 4.0K (파일 35개)

=== The Stack 데이터셋 전처리 종료: Thu Jul 17 09:24:42 UTC 2025 ===

=== 전처리 결과 요약 ===
- java: 4.0K (파일 0개)
- javascript: 4.0K (파일 0개)
- python: 4.0K (파일 35개)
- 남은 디스크 공간: 3.4T
